Arguments: 
  /home/vavra/.nvm/versions/node/v14.5.0/bin/node /home/vavra/.nvm/versions/node/v14.5.0/bin/yarn

PATH: 
  /home/vavra/.nvm/versions/node/v14.5.0/bin:/usr/local/sbin:/usr/local/bin:/usr/sbin:/usr/bin:/sbin:/bin:/usr/games:/usr/local/games:/snap/bin

Yarn version: 
  1.22.4

Node version: 
  14.5.0

Platform: 
  linux x64

Trace: 
  SyntaxError: /home/vavra/Projects/project-better/packages/server/package.json: Unexpected token } in JSON at position 843
      at JSON.parse (<anonymous>)
      at /home/vavra/.nvm/versions/node/v14.5.0/lib/node_modules/yarn/lib/cli.js:1625:59
      at Generator.next (<anonymous>)
      at step (/home/vavra/.nvm/versions/node/v14.5.0/lib/node_modules/yarn/lib/cli.js:310:30)
      at /home/vavra/.nvm/versions/node/v14.5.0/lib/node_modules/yarn/lib/cli.js:321:13

npm manifest: 
  {
    "name": "@project-better/server",
    "version": "1.0.0",
    "main": "dist/index.js",
    "typings": "dist/index.d.ts",
    "license": "MIT",
    "scripts": {
      "dev": "ts-node-dev --no-notify --respawn src/index",
      "build": "tsc",
      "start": "node dist/index.js",
      "lint": "eslint 'src/**/*.{js,ts}'",
      "codegen": "graphql-codegen --config codegen.json --watch 'src/modules/**/*.gql'"
    },
    "dependencies": {
      "@graphql-tools/graphql-file-loader": "^6.0.12",
      "@graphql-tools/load": "^6.0.12",
      "@graphql-tools/resolvers-composition": "^6.0.12",
      "@graphql-tools/schema": "^6.0.12",
      "@project-better/common": "1.0.0",
      "apollo-server-express": "^2.15.1",
      "bcrypt": "^5.0.0",
      "express": "^4.17.1",
      "graphql": "^15.3.0",
      "pg": "^8.3.0",
      "reflect-metadata": "^0.1.13",
      "typeorm": "^0.2.25",
    },
    "devDependencies": {
      "@graphql-codegen/cli": "^1.17.0",
      "@graphql-codegen/typescript-resolvers": "^1.17.0",
      "@types/bcrypt": "^3.0.0",
      "@types/express": "^4.17.7",
      "@types/node": "^14.0.22",
      "ts-node-dev": "^1.0.0-pre.51"
    }
  }

yarn manifest: 
  No manifest

Lockfile: 
  No lockfile
